\BOOKMARK [0][-]{chapter.1}{\376\377\173\054\116\000\172\340\000\040\000\040\000P\000G\000P\000\040\217\157\116\366\136\224\165\050\133\236\232\214}{}% 1
\BOOKMARK [1][-]{section.1.1}{\376\377\0001\000.\0001\000\040\133\236\232\214\116\313\176\315}{chapter.1}% 2
\BOOKMARK [1][-]{section.1.2}{\376\377\0001\000.\0002\000\040\133\236\232\214\121\205\133\271}{chapter.1}% 3
\BOOKMARK [1][-]{section.1.3}{\376\377\0001\000.\0003\000\040\142\245\124\112\121\205\133\271}{chapter.1}% 4
\BOOKMARK [1][-]{section.1.4}{\376\377\0001\000.\0004\000\040\000P\000G\000P\000\040\133\306\224\245\133\371\166\204\116\247\165\037\116\016\173\241\164\006}{chapter.1}% 5
\BOOKMARK [1][-]{section.1.5}{\376\377\0001\000.\0005\000\040\145\207\116\366\166\204\122\240\133\306\116\016\173\176\124\015}{chapter.1}% 6
\BOOKMARK [1][-]{section.1.6}{\376\377\0001\000.\0006\000\040\000E\000m\000a\000i\000l\000\040\166\204\122\240\133\306\116\016\173\176\124\015}{chapter.1}% 7
\BOOKMARK [1][-]{section.1.7}{\376\377\0001\000.\0007\000\040\145\207\116\366\166\204\174\211\170\216}{chapter.1}% 8
\BOOKMARK [1][-]{section.1.8}{\376\377\0001\000.\0008\000\040\206\132\142\337\170\301\166\330\166\204\122\240\133\306}{chapter.1}% 9
\BOOKMARK [1][-]{section.1.9}{\376\377\0001\000.\0009\000\040\170\301\166\330\172\172\225\364\166\204\174\211\170\216}{chapter.1}% 10
\BOOKMARK [0][-]{chapter.2}{\376\377\173\054\116\214\172\340\000\040\000\040\133\211\121\150\127\372\170\100\142\200\147\057\133\236\232\214}{}% 11
\BOOKMARK [1][-]{section.2.1}{\376\377\0002\000.\0001\000\040\133\236\232\214\211\201\154\102}{chapter.2}% 12
\BOOKMARK [1][-]{section.2.2}{\376\377\0002\000.\0002\000\040\133\236\232\214\121\205\133\271}{chapter.2}% 13
\BOOKMARK [1][-]{section.2.3}{\376\377\0002\000.\0003\000\040\226\062\160\153\130\231}{chapter.2}% 14
\BOOKMARK [2][-]{subsection.2.3.1}{\376\377\0002\000.\0003\000.\0001\000\040\133\236\232\214\166\356\166\204\000-\144\055\136\372\000\040\000i\000p\000t\000a\000b\000l\000e\000s\000\040\133\236\232\214\163\257\130\203}{section.2.3}% 15
\BOOKMARK [2][-]{subsection.2.3.2}{\376\377\0002\000.\0003\000.\0002\000\040\133\236\232\214\123\237\164\006}{section.2.3}% 16
\BOOKMARK [2][-]{subsection.2.3.3}{\376\377\0002\000.\0003\000.\0003\000\040\133\236\232\214\163\257\130\203}{section.2.3}% 17
\BOOKMARK [2][-]{subsection.2.3.4}{\376\377\0002\000.\0003\000.\0004\000\040\133\236\232\214\153\145\232\244}{section.2.3}% 18
\BOOKMARK [3][-]{subsubsection.2.3.4.1}{\376\377\0002\000.\0003\000.\0004\000.\0001\000\040\221\115\177\156\206\132\142\337\147\072\000\040\000I\000P\000\040\127\060\127\100}{subsection.2.3.4}% 19
\BOOKMARK [3][-]{subsubsection.2.3.4.2}{\376\377\0002\000.\0003\000.\0004\000.\0002\000\040\155\113\213\325\000\040\000w\000i\000n\0007\060\001\0002\0000\0000\0003\000\040\124\214\147\015\122\241\126\150\000\040\000c\000e\000n\000t\000o\000s\000\040\166\204\146\057\124\046\217\336\220\032}{subsection.2.3.4}% 20
\BOOKMARK [2][-]{subsection.2.3.5}{\376\377\0002\000.\0003\000.\0005\000\040\133\236\232\214\166\356\166\204\000-\116\206\211\343\000\040\000i\000p\000t\000a\000b\000l\000e\000s\000\040\116\055\136\070\211\301\166\204\116\000\116\233\166\370\121\163\124\015\213\315\124\214\147\057\213\355}{section.2.3}% 21
\BOOKMARK [2][-]{subsection.2.3.6}{\376\377\0002\000.\0003\000.\0006\000\040\133\236\232\214\123\237\164\006}{section.2.3}% 22
\BOOKMARK [3][-]{subsubsection.2.3.6.1}{\376\377\0002\000.\0003\000.\0006\000.\0001\000\040\000i\000p\000t\000a\000b\000l\000e\000s\000\040\226\062\160\153\130\231}{subsection.2.3.6}% 23
\BOOKMARK [3][-]{subsubsection.2.3.6.2}{\376\377\0002\000.\0003\000.\0006\000.\0002\000\040\000i\000p\000t\000a\000b\000l\000e\000s\000\040\124\015\213\315\124\214\147\057\213\355}{subsection.2.3.6}% 24
\BOOKMARK [2][-]{subsection.2.3.7}{\376\377\0002\000.\0003\000.\0007\000\040\133\236\232\214\166\356\166\204\000-\116\206\211\343\000\040\000i\000p\000t\000a\000b\000l\000e\000s\000\040\116\055\166\204\210\150\124\214\224\376}{section.2.3}% 25
\BOOKMARK [2][-]{subsection.2.3.8}{\376\377\0002\000.\0003\000.\0008\000\040\133\236\232\214\123\237\164\006}{section.2.3}% 26
\BOOKMARK [2][-]{subsection.2.3.9}{\376\377\0002\000.\0003\000.\0009\000\040\133\236\232\214\123\237\164\006}{section.2.3}% 27
\BOOKMARK [3][-]{subsubsection.2.3.9.1}{\376\377\0002\000.\0003\000.\0009\000.\0001\000\040\000i\000p\000t\000a\000b\000l\000e\000s\000\040\166\204\210\150\377\010\000t\000a\000b\000l\000e\000s\377\011\124\214\224\376\377\010\000c\000h\000a\000i\000n\000s\377\011}{subsection.2.3.9}% 28
\BOOKMARK [3][-]{subsubsection.2.3.9.2}{\376\377\0002\000.\0003\000.\0009\000.\0002\000\040\000i\000p\000t\000a\000b\000l\000e\000s\000\040\210\150\124\214\224\376\135\345\117\134\166\204\155\101\172\013\126\376}{subsection.2.3.9}% 29
\BOOKMARK [2][-]{subsection.2.3.10}{\376\377\0002\000.\0003\000.\0001\0000\000\040\133\236\232\214\166\356\166\204\000-\116\206\211\343\000\040\000i\000p\000t\000a\000b\000l\000e\000s\000\040\136\070\165\050\166\204\127\372\147\054\124\175\116\344}{section.2.3}% 30
\BOOKMARK [2][-]{subsection.2.3.11}{\376\377\0002\000.\0003\000.\0001\0001\000\040\133\236\232\214\123\237\164\006}{section.2.3}% 31
\BOOKMARK [2][-]{subsection.2.3.12}{\376\377\0002\000.\0003\000.\0001\0002\000\040\133\236\232\214\163\257\130\203}{section.2.3}% 32
\BOOKMARK [2][-]{subsection.2.3.13}{\376\377\0002\000.\0003\000.\0001\0003\000\040\133\236\232\214\153\145\232\244}{section.2.3}% 33
\BOOKMARK [3][-]{subsubsection.2.3.13.1}{\376\377\0002\000.\0003\000.\0001\0003\000.\0001\000\040\147\345\167\013\000\040\000i\000p\000t\000a\000b\000l\000e\000s\000\040\117\177\165\050\145\271\154\325}{subsection.2.3.13}% 34
\BOOKMARK [3][-]{subsubsection.2.3.13.2}{\376\377\0002\000.\0003\000.\0001\0003\000.\0002\000\040\000i\000p\000t\000a\000b\000l\000e\000s\000\040\127\372\147\054\124\175\116\344}{subsection.2.3.13}% 35
\BOOKMARK [2][-]{subsection.2.3.14}{\376\377\0002\000.\0003\000.\0001\0004\000\040\133\236\232\214\166\356\166\204\000-\161\237\140\211\000\040\000i\000p\000t\000a\000b\000l\000e\000s\000\040\166\204\210\150\224\376\144\315\117\134}{section.2.3}% 36
\BOOKMARK [2][-]{subsection.2.3.15}{\376\377\0002\000.\0003\000.\0001\0005\000\040\133\236\232\214\123\237\164\006}{section.2.3}% 37
\BOOKMARK [2][-]{subsection.2.3.16}{\376\377\0002\000.\0003\000.\0001\0006\000\040\133\236\232\214\163\257\130\203}{section.2.3}% 38
\BOOKMARK [2][-]{subsection.2.3.17}{\376\377\0002\000.\0003\000.\0001\0007\000\040\133\236\232\214\153\145\232\244}{section.2.3}% 39
\BOOKMARK [3][-]{subsubsection.2.3.17.1}{\376\377\0002\000.\0003\000.\0001\0007\000.\0001\000\040\000I\000p\000t\000a\000b\000l\000e\000s\000\040\224\376\144\315\117\134}{subsection.2.3.17}% 40
\BOOKMARK [2][-]{subsection.2.3.18}{\376\377\0002\000.\0003\000.\0001\0008\000\040\133\236\232\214\166\356\166\204\000-\221\115\177\156\000\040\000i\000p\000t\000a\000b\000l\000e\000s\000\040\171\201\153\142\213\277\225\356\000\040\000f\000t\000p\000\040\147\015\122\241}{section.2.3}% 41
\BOOKMARK [2][-]{subsection.2.3.19}{\376\377\0002\000.\0003\000.\0001\0009\000\040\133\236\232\214\123\237\164\006}{section.2.3}% 42
\BOOKMARK [2][-]{subsection.2.3.20}{\376\377\0002\000.\0003\000.\0002\0000\000\040\133\236\232\214\163\257\130\203}{section.2.3}% 43
\BOOKMARK [2][-]{subsection.2.3.21}{\376\377\0002\000.\0003\000.\0002\0001\000\040\133\236\232\214\153\145\232\244}{section.2.3}% 44
\BOOKMARK [3][-]{subsubsection.2.3.21.1}{\376\377\0002\000.\0003\000.\0002\0001\000.\0001\000\040\127\050\137\123\122\115\163\257\130\203\116\013\121\205\131\026\177\121\127\107\123\357\217\336\143\245\000\040\000f\000t\000p\000\040\147\015\122\241}{subsection.2.3.21}% 45
\BOOKMARK [3][-]{subsubsection.2.3.21.2}{\376\377\0002\000.\0003\000.\0002\0001\000.\0002\000\040\221\115\177\156\000\040\000i\000p\000t\000a\000b\000l\000e\000s\000\040\377\014\171\201\153\142\121\205\131\026\177\121\213\277\225\356\000\040\000f\000t\000p\000\040\147\015\122\241}{subsection.2.3.21}% 46
\BOOKMARK [2][-]{subsection.2.3.22}{\376\377\0002\000.\0003\000.\0002\0002\000\040\133\236\232\214\166\356\166\204\000-\221\115\177\156\000\040\000i\000p\000t\000a\000b\000l\000e\000s\000\040\143\011\177\121\153\265\213\277\225\356\000\040\000f\000t\000p\000\040\147\015\122\241}{section.2.3}% 47
\BOOKMARK [2][-]{subsection.2.3.23}{\376\377\0002\000.\0003\000.\0002\0003\000\040\133\236\232\214\123\237\164\006}{section.2.3}% 48
\BOOKMARK [2][-]{subsection.2.3.24}{\376\377\0002\000.\0003\000.\0002\0004\000\040\133\236\232\214\163\257\130\203}{section.2.3}% 49
\BOOKMARK [2][-]{subsection.2.3.25}{\376\377\0002\000.\0003\000.\0002\0005\000\040\133\236\232\214\153\145\232\244}{section.2.3}% 50
\BOOKMARK [3][-]{subsubsection.2.3.25.1}{\376\377\0002\000.\0003\000.\0002\0005\000.\0001\000\040\127\050\137\123\122\115\163\257\130\203\116\013\121\205\131\026\177\121\127\107\123\357\217\336\143\245\000\040\000f\000t\000p\000\040\147\015\122\241}{subsection.2.3.25}% 51
\BOOKMARK [3][-]{subsubsection.2.3.25.2}{\376\377\0002\000.\0003\000.\0002\0005\000.\0002\000\040\221\115\177\156\000\040\000i\000p\000t\000a\000b\000l\000e\000s\377\014\143\011\177\121\153\265\213\277\225\356\000\040\000f\000t\000p\000\040\147\015\122\241}{subsection.2.3.25}% 52
\BOOKMARK [2][-]{subsection.2.3.26}{\376\377\0002\000.\0003\000.\0002\0006\000\040\133\236\232\214\166\356\166\204\000-\220\032\217\307\177\026\121\231\201\032\147\054\221\115\177\156\226\062\160\153\130\231}{section.2.3}% 53
\BOOKMARK [2][-]{subsection.2.3.27}{\376\377\0002\000.\0003\000.\0002\0007\000\040\133\236\232\214\123\237\164\006}{section.2.3}% 54
\BOOKMARK [2][-]{subsection.2.3.28}{\376\377\0002\000.\0003\000.\0002\0008\000\040\133\236\232\214\163\257\130\203}{section.2.3}% 55
\BOOKMARK [2][-]{subsection.2.3.29}{\376\377\0002\000.\0003\000.\0002\0009\000\040\133\236\232\214\153\145\232\244}{section.2.3}% 56
\BOOKMARK [3][-]{subsubsection.2.3.29.1}{\376\377\0002\000.\0003\000.\0002\0009\000.\0001\000\040\117\177\165\050\201\032\147\054\221\115\177\156\226\062\160\153\130\231}{subsection.2.3.29}% 57
\BOOKMARK [2][-]{subsection.2.3.30}{\376\377\0002\000.\0003\000.\0003\0000\000\040\133\236\232\214\166\356\166\204\000-\133\236\163\260\131\026\220\350\000\040\000I\000P\000\040\127\060\127\100\146\040\134\004\122\060\147\015\122\241\126\150}{section.2.3}% 58
\BOOKMARK [2][-]{subsection.2.3.31}{\376\377\0002\000.\0003\000.\0003\0001\000\040\133\236\232\214\123\237\164\006}{section.2.3}% 59
\BOOKMARK [2][-]{subsection.2.3.32}{\376\377\0002\000.\0003\000.\0003\0002\000\040\133\236\232\214\163\257\130\203}{section.2.3}% 60
\BOOKMARK [2][-]{subsection.2.3.33}{\376\377\0002\000.\0003\000.\0003\0003\000\040\133\236\232\214\153\145\232\244}{section.2.3}% 61
\BOOKMARK [3][-]{subsubsection.2.3.33.1}{\376\377\0002\000.\0003\000.\0003\0003\000.\0001\000\040\134\006\131\026\220\350\000\040\000I\000P\000\040\172\357\123\343\127\060\127\100\146\040\134\004\122\060\121\205\220\350\147\015\122\241\126\150}{subsection.2.3.33}% 62
\BOOKMARK [1][-]{section.2.4}{\376\377\0002\000.\0004\000\040\145\160\143\156\136\223\133\211\121\150}{chapter.2}% 63
\BOOKMARK [2][-]{subsection.2.4.1}{\376\377\0002\000.\0004\000.\0001\000\040\133\236\232\214\166\356\166\204\000-\000M\000S\000S\000Q\000L\145\073\121\373\145\345\137\327\122\006\147\220}{section.2.4}% 64
\BOOKMARK [2][-]{subsection.2.4.2}{\376\377\0002\000.\0004\000.\0002\000\040\133\236\232\214\123\237\164\006}{section.2.4}% 65
\BOOKMARK [2][-]{subsection.2.4.3}{\376\377\0002\000.\0004\000.\0003\000\040\133\236\232\214\163\257\130\203}{section.2.4}% 66
\BOOKMARK [2][-]{subsection.2.4.4}{\376\377\0002\000.\0004\000.\0004\000\040\133\236\232\214\153\145\232\244}{section.2.4}% 67
\BOOKMARK [3][-]{subsubsection.2.4.4.1}{\376\377\0002\000.\0004\000.\0004\000.\0001\000\040\170\064\211\343\000s\000a\133\306\170\001\377\014\136\166\165\050\000w\000i\000r\000e\000s\000h\000a\000r\000k\142\223\123\326\170\064\211\343\145\160\143\156\123\005}{subsection.2.4.4}% 68
\BOOKMARK [3][-]{subsubsection.2.4.4.2}{\376\377\0002\000.\0004\000.\0004\000.\0002\000\040\122\006\147\220\142\223\123\326\166\204\145\160\143\156\123\005\377\014\164\006\211\343\000\040\000m\000s\000s\000q\000l\000\040\170\064\211\343\217\307\172\013}{subsection.2.4.4}% 69
\BOOKMARK [3][-]{subsubsection.2.4.4.3}{\376\377\0002\000.\0004\000.\0004\000.\0003\000\040\147\345\167\013\000\040\000m\000s\000s\000q\000l\000\040\145\345\137\327}{subsection.2.4.4}% 70
\BOOKMARK [2][-]{subsection.2.4.5}{\376\377\0002\000.\0004\000.\0005\000\040\133\236\232\214\166\356\166\204\000-\116\206\211\343\000\040\000M\000y\000S\000Q\000L\000\040\145\345\137\327}{section.2.4}% 71
\BOOKMARK [2][-]{subsection.2.4.6}{\376\377\0002\000.\0004\000.\0006\000\040\133\236\232\214\123\237\164\006}{section.2.4}% 72
\BOOKMARK [2][-]{subsection.2.4.7}{\376\377\0002\000.\0004\000.\0007\000\040\133\236\232\214\163\257\130\203}{section.2.4}% 73
\BOOKMARK [2][-]{subsection.2.4.8}{\376\377\0002\000.\0004\000.\0008\000\040\133\236\232\214\153\145\232\244}{section.2.4}% 74
\BOOKMARK [3][-]{subsubsection.2.4.8.1}{\376\377\0002\000.\0004\000.\0008\000.\0001\000\040\000M\000y\000S\000Q\000L\000\040\145\345\137\327\116\313\176\315}{subsection.2.4.8}% 75
\BOOKMARK [2][-]{subsection.2.4.9}{\376\377\0002\000.\0004\000.\0009\000\040\133\236\232\214\166\356\166\204\000-\000M\000y\000S\000Q\000L\000\040\145\345\137\327}{section.2.4}% 76
\BOOKMARK [2][-]{subsection.2.4.10}{\376\377\0002\000.\0004\000.\0001\0000\000\040\133\236\232\214\123\237\164\006}{section.2.4}% 77
\BOOKMARK [2][-]{subsection.2.4.11}{\376\377\0002\000.\0004\000.\0001\0001\000\040\133\236\232\214\163\257\130\203}{section.2.4}% 78
\BOOKMARK [2][-]{subsection.2.4.12}{\376\377\0002\000.\0004\000.\0001\0002\000\040\133\236\232\214\153\145\232\244}{section.2.4}% 79
\BOOKMARK [3][-]{subsubsection.2.4.12.1}{\376\377\0002\000.\0004\000.\0001\0002\000.\0001\000\040\170\064\211\343\000m\000y\000s\000q\000l\166\204\000r\000o\000o\000t\133\306\170\001\377\014\136\166\142\223\123\326\170\064\211\343\145\160\143\156\123\005}{subsection.2.4.12}% 80
\BOOKMARK [3][-]{subsubsection.2.4.12.2}{\376\377\0002\000.\0004\000.\0001\0002\000.\0002\000\040\122\006\147\220\142\223\123\326\166\204\145\160\143\156\123\005\377\014\164\006\211\343\000\040\000m\000y\000s\000q\000l\000\040\170\064\211\343\217\307\172\013}{subsection.2.4.12}% 81
\BOOKMARK [3][-]{subsubsection.2.4.12.3}{\376\377\0002\000.\0004\000.\0001\0002\000.\0003\000\040\147\345\167\013\000\040\000m\000y\000s\000q\000l\000\040\220\032\165\050\145\345\137\327}{subsection.2.4.12}% 82
\BOOKMARK [2][-]{subsection.2.4.13}{\376\377\0002\000.\0004\000.\0001\0003\000\040\133\236\232\214\166\356\166\204\000-\116\206\211\343\000o\000r\000a\000c\000l\000e\145\345\137\327\145\207\116\366}{section.2.4}% 83
\BOOKMARK [2][-]{subsection.2.4.14}{\376\377\0002\000.\0004\000.\0001\0004\000\040\133\236\232\214\123\237\164\006}{section.2.4}% 84
\BOOKMARK [2][-]{subsection.2.4.15}{\376\377\0002\000.\0004\000.\0001\0005\000\040\133\236\232\214\163\257\130\203}{section.2.4}% 85
\BOOKMARK [2][-]{subsection.2.4.16}{\376\377\0002\000.\0004\000.\0001\0006\000\040\133\236\232\214\153\145\232\244}{section.2.4}% 86
\BOOKMARK [3][-]{subsubsection.2.4.16.1}{\376\377\0002\000.\0004\000.\0001\0006\000.\0001\000\040\124\112\213\146\145\345\137\327}{subsection.2.4.16}% 87
\BOOKMARK [3][-]{subsubsection.2.4.16.2}{\376\377\0002\000.\0004\000.\0001\0006\000.\0002\000\040\215\337\216\052\145\345\137\327}{subsection.2.4.16}% 88
\BOOKMARK [3][-]{subsubsection.2.4.16.3}{\376\377\0002\000.\0004\000.\0001\0006\000.\0003\000\040\221\315\120\132\145\345\137\327}{subsection.2.4.16}% 89
\BOOKMARK [2][-]{subsection.2.4.17}{\376\377\0002\000.\0004\000.\0001\0007\000\040\133\236\232\214\166\356\166\204\000-\122\006\147\220\000\040\000o\000r\000a\000c\000l\000e\000\040\145\345\137\327}{section.2.4}% 90
\BOOKMARK [2][-]{subsection.2.4.18}{\376\377\0002\000.\0004\000.\0001\0008\000\040\133\236\232\214\123\237\164\006}{section.2.4}% 91
\BOOKMARK [3][-]{subsubsection.2.4.18.1}{\376\377\0002\000.\0004\000.\0001\0008\000.\0001\000\040\000O\000r\000a\000c\000l\000e\000\040\122\240\133\306\123\237\164\006}{subsection.2.4.18}% 92
\BOOKMARK [3][-]{subsubsection.2.4.18.2}{\376\377\0002\000.\0004\000.\0001\0008\000.\0002\000\040\000O\000r\000a\000b\000r\000u\000t\000e}{subsection.2.4.18}% 93
\BOOKMARK [3][-]{subsubsection.2.4.18.3}{\376\377\0002\000.\0004\000.\0001\0008\000.\0003\000\040\000S\000Q\000L\000P\000L\000U\000S}{subsection.2.4.18}% 94
\BOOKMARK [2][-]{subsection.2.4.19}{\376\377\0002\000.\0004\000.\0001\0009\000\040\133\236\232\214\163\257\130\203}{section.2.4}% 95
\BOOKMARK [2][-]{subsection.2.4.20}{\376\377\0002\000.\0004\000.\0002\0000\000\040\133\236\232\214\153\145\232\244}{section.2.4}% 96
\BOOKMARK [3][-]{subsubsection.2.4.20.1}{\376\377\0002\000.\0004\000.\0002\0000\000.\0001\000\040\170\064\211\343\000\040\000o\000r\000a\000c\000l\000e\000\040\165\050\142\067\000\040\000s\000y\000s\000\040\166\204\133\306\170\001}{subsection.2.4.20}% 97
\BOOKMARK [3][-]{subsubsection.2.4.20.2}{\376\377\0002\000.\0004\000.\0002\0000\000.\0002\000\040\164\006\211\343\000\040\000o\000r\000a\000c\000l\000e\000\040\145\160\143\156\136\223\166\204\170\064\211\343\217\307\172\013}{subsection.2.4.20}% 98
\BOOKMARK [3][-]{subsubsection.2.4.20.3}{\376\377\0002\000.\0004\000.\0002\0000\000.\0003\000\040\147\345\167\013\145\345\137\327}{subsection.2.4.20}% 99
